* using log directory 'C:/Users/tomch/Harvard University Dropbox/Tom Chen/MR-GEE/networkGEE code/networkGEE/networkGEE.Rcheck'
* using R version 4.5.0 (2025-04-11 ucrt)
* using platform: x86_64-w64-mingw32
* R was compiled by
    gcc.exe (GCC) 14.2.0
    GNU Fortran (GCC) 14.2.0
* running under: Windows 10 x64 (build 19045)
* using session charset: UTF-8
* checking for file 'networkGEE/DESCRIPTION' ... OK
* checking extension type ... Package
* this is package 'networkGEE' version '0.1.1'
* package encoding: UTF-8
* checking package namespace information ... OK
* checking package dependencies ... OK
* checking if this is a source package ... OK
* checking if there is a namespace ... OK
* checking for executable files ... OK
* checking for hidden files and directories ... OK
* checking for portable file names ... OK
* checking whether package 'networkGEE' can be installed ... OK
* used C++ compiler: 'G__~1.EXE (GCC) 14.2.0'
* checking C++ specification ... OK
* checking installed package size ... OK
* checking package directory ... OK
* checking DESCRIPTION meta-information ... OK
* checking top-level files ... OK
* checking for left-over files ... OK
* checking index information ... OK
* checking package subdirectories ... OK
* checking code files for non-ASCII characters ... OK
* checking R files for syntax errors ... OK
* checking whether the package can be loaded ... OK
* checking whether the package can be loaded with stated dependencies ... OK
* checking whether the package can be unloaded cleanly ... OK
* checking whether the namespace can be loaded with stated dependencies ... OK
* checking whether the namespace can be unloaded cleanly ... OK
* checking loading without being on the library search path ... OK
* checking dependencies in R code ... NOTE
Namespace in Imports field not imported from: 'RcppArmadillo'
  All declared Imports should be used.
* checking S3 generic/method consistency ... OK
* checking replacement functions ... OK
* checking foreign function calls ... OK
* checking R code for possible problems ... NOTE
ngee: no visible global function definition for 'model.frame'
ngee: no visible global function definition for 'as.formula'
ngee: no visible global function definition for 'model.response'
ngee: no visible global function definition for 'model.matrix'
Undefined global functions or variables:
  as.formula model.frame model.matrix model.response
Consider adding
  importFrom("stats", "as.formula", "model.frame", "model.matrix",
             "model.response")
to your NAMESPACE file.
* checking Rd files ... OK
* checking Rd metadata ... OK
* checking Rd cross-references ... OK
* checking for missing documentation entries ... OK
* checking for code/documentation mismatches ... OK
* checking Rd \usage sections ... OK
* checking Rd contents ... OK
* checking for unstated dependencies in examples ... OK
* checking line endings in C/C++/Fortran sources/headers ... OK
* checking line endings in Makefiles ... OK
* checking compilation flags in Makevars ... OK
* checking for GNU extensions in Makefiles ... OK
* checking for portable use of $(BLAS_LIBS) and $(LAPACK_LIBS) ... OK
* checking use of PKG_*FLAGS in Makefiles ... OK
* checking compiled code ... OK
* checking examples ... NONE
* checking PDF version of manual ... OK
* DONE
Status: 2 NOTEs
